(0.001) 
            SELECT name, type FROM sqlite_master
            WHERE type in ('table', 'view') AND NOT name='sqlite_sequence'
            ORDER BY name; args=None
(0.000) SELECT "django_migrations"."app", "django_migrations"."name" FROM "django_migrations"; args=()
(0.001) 
            SELECT name, type FROM sqlite_master
            WHERE type in ('table', 'view') AND NOT name='sqlite_sequence'
            ORDER BY name; args=None
(0.000) SELECT "django_migrations"."app", "django_migrations"."name" FROM "django_migrations"; args=()
(0.000) 
            SELECT name, type FROM sqlite_master
            WHERE type in ('table', 'view') AND NOT name='sqlite_sequence'
            ORDER BY name; args=None
(0.000) SELECT "django_migrations"."app", "django_migrations"."name" FROM "django_migrations"; args=()
(0.001) 
            SELECT name, type FROM sqlite_master
            WHERE type in ('table', 'view') AND NOT name='sqlite_sequence'
            ORDER BY name; args=None
(0.000) 
            SELECT name, type FROM sqlite_master
            WHERE type in ('table', 'view') AND NOT name='sqlite_sequence'
            ORDER BY name; args=None
(0.000) SELECT "django_migrations"."app", "django_migrations"."name" FROM "django_migrations"; args=()
(0.000) SELECT "django_content_type"."id", "django_content_type"."app_label", "django_content_type"."model" FROM "django_content_type" WHERE "django_content_type"."app_label" = 'admin'; args=('admin',)
(0.000) SELECT "django_content_type"."id", "django_content_type"."app_label", "django_content_type"."model" FROM "django_content_type" WHERE ("django_content_type"."app_label" = 'admin' AND "django_content_type"."model" = 'logentry'); args=('admin', 'logentry')
(0.000) SELECT "auth_permission"."content_type_id", "auth_permission"."codename" FROM "auth_permission" INNER JOIN "django_content_type" ON ("auth_permission"."content_type_id" = "django_content_type"."id") WHERE "auth_permission"."content_type_id" IN (1) ORDER BY "django_content_type"."app_label" ASC, "django_content_type"."model" ASC, "auth_permission"."codename" ASC; args=(1,)
(0.001) SELECT "django_content_type"."id", "django_content_type"."app_label", "django_content_type"."model" FROM "django_content_type" WHERE "django_content_type"."app_label" = 'admin'; args=('admin',)
(0.000) SELECT "django_content_type"."id", "django_content_type"."app_label", "django_content_type"."model" FROM "django_content_type" WHERE "django_content_type"."app_label" = 'auth'; args=('auth',)
(0.000) SELECT "django_content_type"."id", "django_content_type"."app_label", "django_content_type"."model" FROM "django_content_type" WHERE ("django_content_type"."app_label" = 'auth' AND "django_content_type"."model" = 'permission'); args=('auth', 'permission')
(0.000) SELECT "django_content_type"."id", "django_content_type"."app_label", "django_content_type"."model" FROM "django_content_type" WHERE ("django_content_type"."app_label" = 'auth' AND "django_content_type"."model" = 'group'); args=('auth', 'group')
(0.000) SELECT "django_content_type"."id", "django_content_type"."app_label", "django_content_type"."model" FROM "django_content_type" WHERE ("django_content_type"."app_label" = 'auth' AND "django_content_type"."model" = 'user'); args=('auth', 'user')
(0.001) SELECT "auth_permission"."content_type_id", "auth_permission"."codename" FROM "auth_permission" INNER JOIN "django_content_type" ON ("auth_permission"."content_type_id" = "django_content_type"."id") WHERE "auth_permission"."content_type_id" IN (2, 3, 4) ORDER BY "django_content_type"."app_label" ASC, "django_content_type"."model" ASC, "auth_permission"."codename" ASC; args=(2, 3, 4)
(0.000) SELECT "django_content_type"."id", "django_content_type"."app_label", "django_content_type"."model" FROM "django_content_type" WHERE "django_content_type"."app_label" = 'auth'; args=('auth',)
(0.000) SELECT "django_content_type"."id", "django_content_type"."app_label", "django_content_type"."model" FROM "django_content_type" WHERE "django_content_type"."app_label" = 'contenttypes'; args=('contenttypes',)
(0.000) SELECT "django_content_type"."id", "django_content_type"."app_label", "django_content_type"."model" FROM "django_content_type" WHERE ("django_content_type"."app_label" = 'contenttypes' AND "django_content_type"."model" = 'contenttype'); args=('contenttypes', 'contenttype')
(0.000) SELECT "auth_permission"."content_type_id", "auth_permission"."codename" FROM "auth_permission" INNER JOIN "django_content_type" ON ("auth_permission"."content_type_id" = "django_content_type"."id") WHERE "auth_permission"."content_type_id" IN (5) ORDER BY "django_content_type"."app_label" ASC, "django_content_type"."model" ASC, "auth_permission"."codename" ASC; args=(5,)
(0.000) SELECT "django_content_type"."id", "django_content_type"."app_label", "django_content_type"."model" FROM "django_content_type" WHERE "django_content_type"."app_label" = 'contenttypes'; args=('contenttypes',)
(0.001) SELECT "django_content_type"."id", "django_content_type"."app_label", "django_content_type"."model" FROM "django_content_type" WHERE "django_content_type"."app_label" = 'sessions'; args=('sessions',)
(0.000) SELECT "django_content_type"."id", "django_content_type"."app_label", "django_content_type"."model" FROM "django_content_type" WHERE ("django_content_type"."app_label" = 'sessions' AND "django_content_type"."model" = 'session'); args=('sessions', 'session')
(0.000) SELECT "auth_permission"."content_type_id", "auth_permission"."codename" FROM "auth_permission" INNER JOIN "django_content_type" ON ("auth_permission"."content_type_id" = "django_content_type"."id") WHERE "auth_permission"."content_type_id" IN (6) ORDER BY "django_content_type"."app_label" ASC, "django_content_type"."model" ASC, "auth_permission"."codename" ASC; args=(6,)
(0.000) SELECT "django_content_type"."id", "django_content_type"."app_label", "django_content_type"."model" FROM "django_content_type" WHERE "django_content_type"."app_label" = 'sessions'; args=('sessions',)
(0.000) SELECT "django_content_type"."id", "django_content_type"."app_label", "django_content_type"."model" FROM "django_content_type" WHERE "django_content_type"."app_label" = 'article'; args=('article',)
(0.000) SELECT "django_content_type"."id", "django_content_type"."app_label", "django_content_type"."model" FROM "django_content_type" WHERE ("django_content_type"."app_label" = 'article' AND "django_content_type"."model" = 'articlepost'); args=('article', 'articlepost')
(0.000) SELECT "django_content_type"."id", "django_content_type"."app_label", "django_content_type"."model" FROM "django_content_type" WHERE ("django_content_type"."app_label" = 'article' AND "django_content_type"."model" = 'articlecolumn'); args=('article', 'articlecolumn')
(0.001) SELECT "auth_permission"."content_type_id", "auth_permission"."codename" FROM "auth_permission" INNER JOIN "django_content_type" ON ("auth_permission"."content_type_id" = "django_content_type"."id") WHERE "auth_permission"."content_type_id" IN (10, 7) ORDER BY "django_content_type"."app_label" ASC, "django_content_type"."model" ASC, "auth_permission"."codename" ASC; args=(10, 7)
(0.000) SELECT "django_content_type"."id", "django_content_type"."app_label", "django_content_type"."model" FROM "django_content_type" WHERE "django_content_type"."app_label" = 'article'; args=('article',)
(0.000) SELECT "django_content_type"."id", "django_content_type"."app_label", "django_content_type"."model" FROM "django_content_type" WHERE "django_content_type"."app_label" = 'userprofile'; args=('userprofile',)
(0.001) SELECT "django_content_type"."id", "django_content_type"."app_label", "django_content_type"."model" FROM "django_content_type" WHERE ("django_content_type"."app_label" = 'userprofile' AND "django_content_type"."model" = 'profile'); args=('userprofile', 'profile')
(0.000) SELECT "auth_permission"."content_type_id", "auth_permission"."codename" FROM "auth_permission" INNER JOIN "django_content_type" ON ("auth_permission"."content_type_id" = "django_content_type"."id") WHERE "auth_permission"."content_type_id" IN (8) ORDER BY "django_content_type"."app_label" ASC, "django_content_type"."model" ASC, "auth_permission"."codename" ASC; args=(8,)
(0.001) SELECT "django_content_type"."id", "django_content_type"."app_label", "django_content_type"."model" FROM "django_content_type" WHERE "django_content_type"."app_label" = 'userprofile'; args=('userprofile',)
(0.000) SELECT "django_content_type"."id", "django_content_type"."app_label", "django_content_type"."model" FROM "django_content_type" WHERE "django_content_type"."app_label" = 'comment'; args=('comment',)
(0.000) SELECT "django_content_type"."id", "django_content_type"."app_label", "django_content_type"."model" FROM "django_content_type" WHERE ("django_content_type"."app_label" = 'comment' AND "django_content_type"."model" = 'comment'); args=('comment', 'comment')
(0.000) SELECT "auth_permission"."content_type_id", "auth_permission"."codename" FROM "auth_permission" INNER JOIN "django_content_type" ON ("auth_permission"."content_type_id" = "django_content_type"."id") WHERE "auth_permission"."content_type_id" IN (9) ORDER BY "django_content_type"."app_label" ASC, "django_content_type"."model" ASC, "auth_permission"."codename" ASC; args=(9,)
(0.000) SELECT "django_content_type"."id", "django_content_type"."app_label", "django_content_type"."model" FROM "django_content_type" WHERE "django_content_type"."app_label" = 'comment'; args=('comment',)
(0.001) SELECT "django_content_type"."id", "django_content_type"."app_label", "django_content_type"."model" FROM "django_content_type" WHERE "django_content_type"."app_label" = 'taggit'; args=('taggit',)
(0.000) SELECT "django_content_type"."id", "django_content_type"."app_label", "django_content_type"."model" FROM "django_content_type" WHERE ("django_content_type"."app_label" = 'taggit' AND "django_content_type"."model" = 'tag'); args=('taggit', 'tag')
(0.000) SELECT "django_content_type"."id", "django_content_type"."app_label", "django_content_type"."model" FROM "django_content_type" WHERE ("django_content_type"."app_label" = 'taggit' AND "django_content_type"."model" = 'taggeditem'); args=('taggit', 'taggeditem')
(0.000) SELECT "auth_permission"."content_type_id", "auth_permission"."codename" FROM "auth_permission" INNER JOIN "django_content_type" ON ("auth_permission"."content_type_id" = "django_content_type"."id") WHERE "auth_permission"."content_type_id" IN (11, 12) ORDER BY "django_content_type"."app_label" ASC, "django_content_type"."model" ASC, "auth_permission"."codename" ASC; args=(11, 12)
(0.000) SELECT "django_content_type"."id", "django_content_type"."app_label", "django_content_type"."model" FROM "django_content_type" WHERE "django_content_type"."app_label" = 'taggit'; args=('taggit',)
(0.000) SELECT "django_content_type"."id", "django_content_type"."app_label", "django_content_type"."model" FROM "django_content_type" WHERE "django_content_type"."app_label" = 'mptt'; args=('mptt',)
(0.000) SELECT "django_content_type"."id", "django_content_type"."app_label", "django_content_type"."model" FROM "django_content_type" WHERE "django_content_type"."app_label" = 'mptt'; args=('mptt',)
(0.000) SELECT "django_content_type"."id", "django_content_type"."app_label", "django_content_type"."model" FROM "django_content_type" WHERE "django_content_type"."app_label" = 'notifications'; args=('notifications',)
(0.000) SELECT "django_content_type"."id", "django_content_type"."app_label", "django_content_type"."model" FROM "django_content_type" WHERE ("django_content_type"."app_label" = 'notifications' AND "django_content_type"."model" = 'notification'); args=('notifications', 'notification')
(0.000) SELECT "auth_permission"."content_type_id", "auth_permission"."codename" FROM "auth_permission" INNER JOIN "django_content_type" ON ("auth_permission"."content_type_id" = "django_content_type"."id") WHERE "auth_permission"."content_type_id" IN (13) ORDER BY "django_content_type"."app_label" ASC, "django_content_type"."model" ASC, "auth_permission"."codename" ASC; args=(13,)
(0.000) SELECT "django_content_type"."id", "django_content_type"."app_label", "django_content_type"."model" FROM "django_content_type" WHERE "django_content_type"."app_label" = 'notifications'; args=('notifications',)
(0.000) SELECT "django_content_type"."id", "django_content_type"."app_label", "django_content_type"."model" FROM "django_content_type" WHERE "django_content_type"."app_label" = 'sites'; args=('sites',)
(0.001) SELECT "django_content_type"."id", "django_content_type"."app_label", "django_content_type"."model" FROM "django_content_type" WHERE ("django_content_type"."app_label" = 'sites' AND "django_content_type"."model" = 'site'); args=('sites', 'site')
(0.000) SELECT "auth_permission"."content_type_id", "auth_permission"."codename" FROM "auth_permission" INNER JOIN "django_content_type" ON ("auth_permission"."content_type_id" = "django_content_type"."id") WHERE "auth_permission"."content_type_id" IN (14) ORDER BY "django_content_type"."app_label" ASC, "django_content_type"."model" ASC, "auth_permission"."codename" ASC; args=(14,)
(0.000) SELECT "django_content_type"."id", "django_content_type"."app_label", "django_content_type"."model" FROM "django_content_type" WHERE "django_content_type"."app_label" = 'sites'; args=('sites',)
(0.000) SELECT (1) AS "a" FROM "django_site"  LIMIT 1; args=()
(0.000) SELECT "django_content_type"."id", "django_content_type"."app_label", "django_content_type"."model" FROM "django_content_type" WHERE "django_content_type"."app_label" = 'allauth'; args=('allauth',)
(0.000) SELECT "django_content_type"."id", "django_content_type"."app_label", "django_content_type"."model" FROM "django_content_type" WHERE "django_content_type"."app_label" = 'allauth'; args=('allauth',)
(0.001) SELECT "django_content_type"."id", "django_content_type"."app_label", "django_content_type"."model" FROM "django_content_type" WHERE "django_content_type"."app_label" = 'account'; args=('account',)
(0.000) SELECT "django_content_type"."id", "django_content_type"."app_label", "django_content_type"."model" FROM "django_content_type" WHERE ("django_content_type"."app_label" = 'account' AND "django_content_type"."model" = 'emailaddress'); args=('account', 'emailaddress')
(0.000) SELECT "django_content_type"."id", "django_content_type"."app_label", "django_content_type"."model" FROM "django_content_type" WHERE ("django_content_type"."app_label" = 'account' AND "django_content_type"."model" = 'emailconfirmation'); args=('account', 'emailconfirmation')
(0.000) SELECT "auth_permission"."content_type_id", "auth_permission"."codename" FROM "auth_permission" INNER JOIN "django_content_type" ON ("auth_permission"."content_type_id" = "django_content_type"."id") WHERE "auth_permission"."content_type_id" IN (16, 15) ORDER BY "django_content_type"."app_label" ASC, "django_content_type"."model" ASC, "auth_permission"."codename" ASC; args=(16, 15)
(0.000) SELECT "django_content_type"."id", "django_content_type"."app_label", "django_content_type"."model" FROM "django_content_type" WHERE "django_content_type"."app_label" = 'account'; args=('account',)
(0.000) SELECT "django_content_type"."id", "django_content_type"."app_label", "django_content_type"."model" FROM "django_content_type" WHERE "django_content_type"."app_label" = 'socialaccount'; args=('socialaccount',)
(0.000) SELECT "django_content_type"."id", "django_content_type"."app_label", "django_content_type"."model" FROM "django_content_type" WHERE ("django_content_type"."app_label" = 'socialaccount' AND "django_content_type"."model" = 'socialaccount'); args=('socialaccount', 'socialaccount')
(0.000) SELECT "django_content_type"."id", "django_content_type"."app_label", "django_content_type"."model" FROM "django_content_type" WHERE ("django_content_type"."app_label" = 'socialaccount' AND "django_content_type"."model" = 'socialapp'); args=('socialaccount', 'socialapp')
(0.000) SELECT "django_content_type"."id", "django_content_type"."app_label", "django_content_type"."model" FROM "django_content_type" WHERE ("django_content_type"."app_label" = 'socialaccount' AND "django_content_type"."model" = 'socialtoken'); args=('socialaccount', 'socialtoken')
(0.000) SELECT "auth_permission"."content_type_id", "auth_permission"."codename" FROM "auth_permission" INNER JOIN "django_content_type" ON ("auth_permission"."content_type_id" = "django_content_type"."id") WHERE "auth_permission"."content_type_id" IN (17, 18, 19) ORDER BY "django_content_type"."app_label" ASC, "django_content_type"."model" ASC, "auth_permission"."codename" ASC; args=(17, 18, 19)
(0.000) SELECT "django_content_type"."id", "django_content_type"."app_label", "django_content_type"."model" FROM "django_content_type" WHERE "django_content_type"."app_label" = 'socialaccount'; args=('socialaccount',)
Watching for file changes with StatReloader
Waiting for apps ready_event.
Apps ready_event triggered. Sending autoreload_started signal.
Watching dir D:\DjangoProject\myBlog\locale with glob **/*.mo.
Watching dir D:\DjangoProject\env\lib\site-packages\django\contrib\admin\locale with glob **/*.mo.
Watching dir D:\DjangoProject\env\lib\site-packages\django\contrib\auth\locale with glob **/*.mo.
Watching dir D:\DjangoProject\env\lib\site-packages\django\contrib\contenttypes\locale with glob **/*.mo.
Watching dir D:\DjangoProject\env\lib\site-packages\django\contrib\sessions\locale with glob **/*.mo.
Watching dir D:\DjangoProject\env\lib\site-packages\django\contrib\messages\locale with glob **/*.mo.
Watching dir D:\DjangoProject\env\lib\site-packages\django\contrib\staticfiles\locale with glob **/*.mo.
Watching dir D:\DjangoProject\myBlog\article\locale with glob **/*.mo.
Watching dir D:\DjangoProject\myBlog\userprofile\locale with glob **/*.mo.
Watching dir D:\DjangoProject\env\lib\site-packages\password_reset\locale with glob **/*.mo.
Watching dir D:\DjangoProject\myBlog\comment\locale with glob **/*.mo.
Watching dir D:\DjangoProject\env\lib\site-packages\taggit\locale with glob **/*.mo.
Watching dir D:\DjangoProject\env\lib\site-packages\mptt\locale with glob **/*.mo.
Watching dir D:\DjangoProject\env\lib\site-packages\notifications\locale with glob **/*.mo.
Watching dir D:\DjangoProject\myBlog\notice\locale with glob **/*.mo.
Watching dir D:\DjangoProject\env\lib\site-packages\ckeditor\locale with glob **/*.mo.
Watching dir D:\DjangoProject\env\lib\site-packages\django\contrib\sites\locale with glob **/*.mo.
Watching dir D:\DjangoProject\env\lib\site-packages\allauth\locale with glob **/*.mo.
Watching dir D:\DjangoProject\env\lib\site-packages\allauth\account\locale with glob **/*.mo.
Watching dir D:\DjangoProject\env\lib\site-packages\allauth\socialaccount\locale with glob **/*.mo.
Watching dir D:\DjangoProject\env\lib\site-packages\allauth\socialaccount\providers\github\locale with glob **/*.mo.
Watching dir D:\DjangoProject\env\lib\site-packages\allauth\socialaccount\providers\weibo\locale with glob **/*.mo.
(0.001) 
            SELECT name, type FROM sqlite_master
            WHERE type in ('table', 'view') AND NOT name='sqlite_sequence'
            ORDER BY name; args=None
(0.000) SELECT "django_migrations"."app", "django_migrations"."name" FROM "django_migrations"; args=()
(0.002) SELECT COUNT(*) AS "__count" FROM "article_articlepost"; args=()
(0.000) SELECT "django_session"."session_key", "django_session"."session_data", "django_session"."expire_date" FROM "django_session" WHERE ("django_session"."expire_date" > '2020-08-30 15:06:06.757443' AND "django_session"."session_key" = 'wwnkntufh13b8sg0trxfyq94buet0efa'); args=('2020-08-30 15:06:06.757443', 'wwnkntufh13b8sg0trxfyq94buet0efa')
(0.000) SELECT "article_articlepost"."id", "article_articlepost"."author_id", "article_articlepost"."avatar", "article_articlepost"."column_id", "article_articlepost"."title", "article_articlepost"."body", "article_articlepost"."total_views", "article_articlepost"."created", "article_articlepost"."updated" FROM "article_articlepost" ORDER BY "article_articlepost"."created" DESC  LIMIT 3; args=()
(0.000) SELECT "article_articlecolumn"."id", "article_articlecolumn"."title", "article_articlecolumn"."created" FROM "article_articlecolumn" WHERE "article_articlecolumn"."id" = 1; args=(1,)
(0.000) SELECT DISTINCT "taggit_tag"."id", "taggit_tag"."name", "taggit_tag"."slug" FROM "taggit_tag" INNER JOIN "taggit_taggeditem" ON ("taggit_tag"."id" = "taggit_taggeditem"."tag_id") INNER JOIN "django_content_type" ON ("taggit_taggeditem"."content_type_id" = "django_content_type"."id") WHERE ("django_content_type"."app_label" = 'article' AND "django_content_type"."model" = 'articlepost' AND "taggit_taggeditem"."object_id" = 20); args=('article', 'articlepost', 20)
(0.000) SELECT COUNT(*) AS "__count" FROM "comment_comment" WHERE "comment_comment"."article_id" = 20; args=(20,)
(0.000) SELECT "article_articlecolumn"."id", "article_articlecolumn"."title", "article_articlecolumn"."created" FROM "article_articlecolumn" WHERE "article_articlecolumn"."id" = 1; args=(1,)
(0.001) SELECT DISTINCT "taggit_tag"."id", "taggit_tag"."name", "taggit_tag"."slug" FROM "taggit_tag" INNER JOIN "taggit_taggeditem" ON ("taggit_tag"."id" = "taggit_taggeditem"."tag_id") INNER JOIN "django_content_type" ON ("taggit_taggeditem"."content_type_id" = "django_content_type"."id") WHERE ("django_content_type"."app_label" = 'article' AND "django_content_type"."model" = 'articlepost' AND "taggit_taggeditem"."object_id" = 19); args=('article', 'articlepost', 19)
(0.000) SELECT COUNT(*) AS "__count" FROM "comment_comment" WHERE "comment_comment"."article_id" = 19; args=(19,)
(0.000) SELECT "article_articlecolumn"."id", "article_articlecolumn"."title", "article_articlecolumn"."created" FROM "article_articlecolumn" WHERE "article_articlecolumn"."id" = 1; args=(1,)
(0.000) SELECT DISTINCT "taggit_tag"."id", "taggit_tag"."name", "taggit_tag"."slug" FROM "taggit_tag" INNER JOIN "taggit_taggeditem" ON ("taggit_tag"."id" = "taggit_taggeditem"."tag_id") INNER JOIN "django_content_type" ON ("taggit_taggeditem"."content_type_id" = "django_content_type"."id") WHERE ("django_content_type"."app_label" = 'article' AND "django_content_type"."model" = 'articlepost' AND "taggit_taggeditem"."object_id" = 18); args=('article', 'articlepost', 18)
(0.000) SELECT COUNT(*) AS "__count" FROM "comment_comment" WHERE "comment_comment"."article_id" = 18; args=(18,)
"GET /article/article-list/ HTTP/1.1" 200 13986
"GET /media/article/20200829/xjpic_4xqQsTw.jpg HTTP/1.1" 200 20265
"GET /media/article/20200829/xjpic_k67jDCl.jpg HTTP/1.1" 200 20265
"GET /media/article/20200829/IMG_0055.JPG HTTP/1.1" 200 46385
(0.001) SELECT "article_articlepost"."id", "article_articlepost"."author_id", "article_articlepost"."avatar", "article_articlepost"."column_id", "article_articlepost"."title", "article_articlepost"."body", "article_articlepost"."total_views", "article_articlepost"."created", "article_articlepost"."updated" FROM "article_articlepost" WHERE "article_articlepost"."id" = 20; args=(20,)
(0.094) UPDATE "article_articlepost" SET "total_views" = 68 WHERE "article_articlepost"."id" = 20; args=(68, 20)
(0.000) SELECT "django_session"."session_key", "django_session"."session_data", "django_session"."expire_date" FROM "django_session" WHERE ("django_session"."expire_date" > '2020-08-30 15:06:22.232641' AND "django_session"."session_key" = 'wwnkntufh13b8sg0trxfyq94buet0efa'); args=('2020-08-30 15:06:22.232641', 'wwnkntufh13b8sg0trxfyq94buet0efa')
(0.000) SELECT "auth_user"."id", "auth_user"."password", "auth_user"."last_login", "auth_user"."is_superuser", "auth_user"."username", "auth_user"."first_name", "auth_user"."last_name", "auth_user"."email", "auth_user"."is_staff", "auth_user"."is_active", "auth_user"."date_joined" FROM "auth_user" WHERE "auth_user"."id" = 9; args=(9,)
(0.000) SELECT COUNT(*) AS "__count" FROM "comment_comment" WHERE "comment_comment"."article_id" = 20; args=(20,)
(0.001) SELECT "comment_comment"."id", "comment_comment"."article_id", "comment_comment"."user_id", "comment_comment"."body", "comment_comment"."created", "comment_comment"."parent_id", "comment_comment"."reply_to_id", "comment_comment"."lft", "comment_comment"."rght", "comment_comment"."tree_id", "comment_comment"."level" FROM "comment_comment" WHERE "comment_comment"."article_id" = 20; args=(20,)
(0.000) SELECT "auth_user"."id", "auth_user"."password", "auth_user"."last_login", "auth_user"."is_superuser", "auth_user"."username", "auth_user"."first_name", "auth_user"."last_name", "auth_user"."email", "auth_user"."is_staff", "auth_user"."is_active", "auth_user"."date_joined" FROM "auth_user" WHERE "auth_user"."id" = 9; args=(9,)
(0.000) SELECT "auth_user"."id", "auth_user"."password", "auth_user"."last_login", "auth_user"."is_superuser", "auth_user"."username", "auth_user"."first_name", "auth_user"."last_name", "auth_user"."email", "auth_user"."is_staff", "auth_user"."is_active", "auth_user"."date_joined" FROM "auth_user" WHERE "auth_user"."id" = 9; args=(9,)
(0.001) SELECT "auth_user"."id", "auth_user"."password", "auth_user"."last_login", "auth_user"."is_superuser", "auth_user"."username", "auth_user"."first_name", "auth_user"."last_name", "auth_user"."email", "auth_user"."is_staff", "auth_user"."is_active", "auth_user"."date_joined" FROM "auth_user" WHERE "auth_user"."id" = 9; args=(9,)
(0.000) SELECT "auth_user"."id", "auth_user"."password", "auth_user"."last_login", "auth_user"."is_superuser", "auth_user"."username", "auth_user"."first_name", "auth_user"."last_name", "auth_user"."email", "auth_user"."is_staff", "auth_user"."is_active", "auth_user"."date_joined" FROM "auth_user" WHERE "auth_user"."id" = 6; args=(6,)
(0.000) SELECT "auth_user"."id", "auth_user"."password", "auth_user"."last_login", "auth_user"."is_superuser", "auth_user"."username", "auth_user"."first_name", "auth_user"."last_name", "auth_user"."email", "auth_user"."is_staff", "auth_user"."is_active", "auth_user"."date_joined" FROM "auth_user" WHERE "auth_user"."id" = 6; args=(6,)
(0.000) SELECT "auth_user"."id", "auth_user"."password", "auth_user"."last_login", "auth_user"."is_superuser", "auth_user"."username", "auth_user"."first_name", "auth_user"."last_name", "auth_user"."email", "auth_user"."is_staff", "auth_user"."is_active", "auth_user"."date_joined" FROM "auth_user" WHERE "auth_user"."id" = 9; args=(9,)
(0.001) SELECT "auth_user"."id", "auth_user"."password", "auth_user"."last_login", "auth_user"."is_superuser", "auth_user"."username", "auth_user"."first_name", "auth_user"."last_name", "auth_user"."email", "auth_user"."is_staff", "auth_user"."is_active", "auth_user"."date_joined" FROM "auth_user" WHERE "auth_user"."id" = 6; args=(6,)
(0.000) SELECT "auth_user"."id", "auth_user"."password", "auth_user"."last_login", "auth_user"."is_superuser", "auth_user"."username", "auth_user"."first_name", "auth_user"."last_name", "auth_user"."email", "auth_user"."is_staff", "auth_user"."is_active", "auth_user"."date_joined" FROM "auth_user" WHERE "auth_user"."id" = 9; args=(9,)
(0.000) SELECT "auth_user"."id", "auth_user"."password", "auth_user"."last_login", "auth_user"."is_superuser", "auth_user"."username", "auth_user"."first_name", "auth_user"."last_name", "auth_user"."email", "auth_user"."is_staff", "auth_user"."is_active", "auth_user"."date_joined" FROM "auth_user" WHERE "auth_user"."id" = 6; args=(6,)
(0.000) SELECT "auth_user"."id", "auth_user"."password", "auth_user"."last_login", "auth_user"."is_superuser", "auth_user"."username", "auth_user"."first_name", "auth_user"."last_name", "auth_user"."email", "auth_user"."is_staff", "auth_user"."is_active", "auth_user"."date_joined" FROM "auth_user" WHERE "auth_user"."id" = 9; args=(9,)
(0.000) SELECT "auth_user"."id", "auth_user"."password", "auth_user"."last_login", "auth_user"."is_superuser", "auth_user"."username", "auth_user"."first_name", "auth_user"."last_name", "auth_user"."email", "auth_user"."is_staff", "auth_user"."is_active", "auth_user"."date_joined" FROM "auth_user" WHERE "auth_user"."id" = 6; args=(6,)
(0.001) SELECT "auth_user"."id", "auth_user"."password", "auth_user"."last_login", "auth_user"."is_superuser", "auth_user"."username", "auth_user"."first_name", "auth_user"."last_name", "auth_user"."email", "auth_user"."is_staff", "auth_user"."is_active", "auth_user"."date_joined" FROM "auth_user" WHERE "auth_user"."id" = 9; args=(9,)
(0.000) SELECT "auth_user"."id", "auth_user"."password", "auth_user"."last_login", "auth_user"."is_superuser", "auth_user"."username", "auth_user"."first_name", "auth_user"."last_name", "auth_user"."email", "auth_user"."is_staff", "auth_user"."is_active", "auth_user"."date_joined" FROM "auth_user" WHERE "auth_user"."id" = 9; args=(9,)
(0.000) SELECT "auth_user"."id", "auth_user"."password", "auth_user"."last_login", "auth_user"."is_superuser", "auth_user"."username", "auth_user"."first_name", "auth_user"."last_name", "auth_user"."email", "auth_user"."is_staff", "auth_user"."is_active", "auth_user"."date_joined" FROM "auth_user" WHERE "auth_user"."id" = 9; args=(9,)
(0.000) SELECT "auth_user"."id", "auth_user"."password", "auth_user"."last_login", "auth_user"."is_superuser", "auth_user"."username", "auth_user"."first_name", "auth_user"."last_name", "auth_user"."email", "auth_user"."is_staff", "auth_user"."is_active", "auth_user"."date_joined" FROM "auth_user" WHERE "auth_user"."id" = 9; args=(9,)
(0.000) SELECT "auth_user"."id", "auth_user"."password", "auth_user"."last_login", "auth_user"."is_superuser", "auth_user"."username", "auth_user"."first_name", "auth_user"."last_name", "auth_user"."email", "auth_user"."is_staff", "auth_user"."is_active", "auth_user"."date_joined" FROM "auth_user" WHERE "auth_user"."id" = 9; args=(9,)
(0.000) SELECT "auth_user"."id", "auth_user"."password", "auth_user"."last_login", "auth_user"."is_superuser", "auth_user"."username", "auth_user"."first_name", "auth_user"."last_name", "auth_user"."email", "auth_user"."is_staff", "auth_user"."is_active", "auth_user"."date_joined" FROM "auth_user" WHERE "auth_user"."id" = 9; args=(9,)
(0.000) SELECT "auth_user"."id", "auth_user"."password", "auth_user"."last_login", "auth_user"."is_superuser", "auth_user"."username", "auth_user"."first_name", "auth_user"."last_name", "auth_user"."email", "auth_user"."is_staff", "auth_user"."is_active", "auth_user"."date_joined" FROM "auth_user" WHERE "auth_user"."id" = 9; args=(9,)
(0.000) SELECT "auth_user"."id", "auth_user"."password", "auth_user"."last_login", "auth_user"."is_superuser", "auth_user"."username", "auth_user"."first_name", "auth_user"."last_name", "auth_user"."email", "auth_user"."is_staff", "auth_user"."is_active", "auth_user"."date_joined" FROM "auth_user" WHERE "auth_user"."id" = 9; args=(9,)
(0.000) SELECT "auth_user"."id", "auth_user"."password", "auth_user"."last_login", "auth_user"."is_superuser", "auth_user"."username", "auth_user"."first_name", "auth_user"."last_name", "auth_user"."email", "auth_user"."is_staff", "auth_user"."is_active", "auth_user"."date_joined" FROM "auth_user" WHERE "auth_user"."id" = 9; args=(9,)
(0.000) SELECT "auth_user"."id", "auth_user"."password", "auth_user"."last_login", "auth_user"."is_superuser", "auth_user"."username", "auth_user"."first_name", "auth_user"."last_name", "auth_user"."email", "auth_user"."is_staff", "auth_user"."is_active", "auth_user"."date_joined" FROM "auth_user" WHERE "auth_user"."id" = 9; args=(9,)
(0.001) SELECT "auth_user"."id", "auth_user"."password", "auth_user"."last_login", "auth_user"."is_superuser", "auth_user"."username", "auth_user"."first_name", "auth_user"."last_name", "auth_user"."email", "auth_user"."is_staff", "auth_user"."is_active", "auth_user"."date_joined" FROM "auth_user" WHERE "auth_user"."id" = 9; args=(9,)
(0.000) SELECT "auth_user"."id", "auth_user"."password", "auth_user"."last_login", "auth_user"."is_superuser", "auth_user"."username", "auth_user"."first_name", "auth_user"."last_name", "auth_user"."email", "auth_user"."is_staff", "auth_user"."is_active", "auth_user"."date_joined" FROM "auth_user" WHERE "auth_user"."id" = 9; args=(9,)
(0.000) SELECT "auth_user"."id", "auth_user"."password", "auth_user"."last_login", "auth_user"."is_superuser", "auth_user"."username", "auth_user"."first_name", "auth_user"."last_name", "auth_user"."email", "auth_user"."is_staff", "auth_user"."is_active", "auth_user"."date_joined" FROM "auth_user" WHERE "auth_user"."id" = 9; args=(9,)
(0.000) SELECT "auth_user"."id", "auth_user"."password", "auth_user"."last_login", "auth_user"."is_superuser", "auth_user"."username", "auth_user"."first_name", "auth_user"."last_name", "auth_user"."email", "auth_user"."is_staff", "auth_user"."is_active", "auth_user"."date_joined" FROM "auth_user" WHERE "auth_user"."id" = 9; args=(9,)
(0.000) SELECT "auth_user"."id", "auth_user"."password", "auth_user"."last_login", "auth_user"."is_superuser", "auth_user"."username", "auth_user"."first_name", "auth_user"."last_name", "auth_user"."email", "auth_user"."is_staff", "auth_user"."is_active", "auth_user"."date_joined" FROM "auth_user" WHERE "auth_user"."id" = 9; args=(9,)
(0.001) SELECT "auth_user"."id", "auth_user"."password", "auth_user"."last_login", "auth_user"."is_superuser", "auth_user"."username", "auth_user"."first_name", "auth_user"."last_name", "auth_user"."email", "auth_user"."is_staff", "auth_user"."is_active", "auth_user"."date_joined" FROM "auth_user" WHERE "auth_user"."id" = 9; args=(9,)
(0.000) SELECT "auth_user"."id", "auth_user"."password", "auth_user"."last_login", "auth_user"."is_superuser", "auth_user"."username", "auth_user"."first_name", "auth_user"."last_name", "auth_user"."email", "auth_user"."is_staff", "auth_user"."is_active", "auth_user"."date_joined" FROM "auth_user" WHERE "auth_user"."id" = 9; args=(9,)
(0.001) SELECT "auth_user"."id", "auth_user"."password", "auth_user"."last_login", "auth_user"."is_superuser", "auth_user"."username", "auth_user"."first_name", "auth_user"."last_name", "auth_user"."email", "auth_user"."is_staff", "auth_user"."is_active", "auth_user"."date_joined" FROM "auth_user" WHERE "auth_user"."id" = 9; args=(9,)
(0.000) SELECT "auth_user"."id", "auth_user"."password", "auth_user"."last_login", "auth_user"."is_superuser", "auth_user"."username", "auth_user"."first_name", "auth_user"."last_name", "auth_user"."email", "auth_user"."is_staff", "auth_user"."is_active", "auth_user"."date_joined" FROM "auth_user" WHERE "auth_user"."id" = 9; args=(9,)
(0.000) SELECT "auth_user"."id", "auth_user"."password", "auth_user"."last_login", "auth_user"."is_superuser", "auth_user"."username", "auth_user"."first_name", "auth_user"."last_name", "auth_user"."email", "auth_user"."is_staff", "auth_user"."is_active", "auth_user"."date_joined" FROM "auth_user" WHERE "auth_user"."id" = 9; args=(9,)
(0.000) SELECT "auth_user"."id", "auth_user"."password", "auth_user"."last_login", "auth_user"."is_superuser", "auth_user"."username", "auth_user"."first_name", "auth_user"."last_name", "auth_user"."email", "auth_user"."is_staff", "auth_user"."is_active", "auth_user"."date_joined" FROM "auth_user" WHERE "auth_user"."id" = 9; args=(9,)
(0.001) SELECT "auth_user"."id", "auth_user"."password", "auth_user"."last_login", "auth_user"."is_superuser", "auth_user"."username", "auth_user"."first_name", "auth_user"."last_name", "auth_user"."email", "auth_user"."is_staff", "auth_user"."is_active", "auth_user"."date_joined" FROM "auth_user" WHERE "auth_user"."id" = 9; args=(9,)
(0.000) SELECT "auth_user"."id", "auth_user"."password", "auth_user"."last_login", "auth_user"."is_superuser", "auth_user"."username", "auth_user"."first_name", "auth_user"."last_name", "auth_user"."email", "auth_user"."is_staff", "auth_user"."is_active", "auth_user"."date_joined" FROM "auth_user" WHERE "auth_user"."id" = 9; args=(9,)
(0.000) SELECT "auth_user"."id", "auth_user"."password", "auth_user"."last_login", "auth_user"."is_superuser", "auth_user"."username", "auth_user"."first_name", "auth_user"."last_name", "auth_user"."email", "auth_user"."is_staff", "auth_user"."is_active", "auth_user"."date_joined" FROM "auth_user" WHERE "auth_user"."id" = 9; args=(9,)
(0.000) SELECT "auth_user"."id", "auth_user"."password", "auth_user"."last_login", "auth_user"."is_superuser", "auth_user"."username", "auth_user"."first_name", "auth_user"."last_name", "auth_user"."email", "auth_user"."is_staff", "auth_user"."is_active", "auth_user"."date_joined" FROM "auth_user" WHERE "auth_user"."id" = 9; args=(9,)
(0.000) SELECT "auth_user"."id", "auth_user"."password", "auth_user"."last_login", "auth_user"."is_superuser", "auth_user"."username", "auth_user"."first_name", "auth_user"."last_name", "auth_user"."email", "auth_user"."is_staff", "auth_user"."is_active", "auth_user"."date_joined" FROM "auth_user" WHERE "auth_user"."id" = 9; args=(9,)
(0.001) SELECT "auth_user"."id", "auth_user"."password", "auth_user"."last_login", "auth_user"."is_superuser", "auth_user"."username", "auth_user"."first_name", "auth_user"."last_name", "auth_user"."email", "auth_user"."is_staff", "auth_user"."is_active", "auth_user"."date_joined" FROM "auth_user" WHERE "auth_user"."id" = 9; args=(9,)
(0.000) SELECT "auth_user"."id", "auth_user"."password", "auth_user"."last_login", "auth_user"."is_superuser", "auth_user"."username", "auth_user"."first_name", "auth_user"."last_name", "auth_user"."email", "auth_user"."is_staff", "auth_user"."is_active", "auth_user"."date_joined" FROM "auth_user" WHERE "auth_user"."id" = 9; args=(9,)
(0.000) SELECT "auth_user"."id", "auth_user"."password", "auth_user"."last_login", "auth_user"."is_superuser", "auth_user"."username", "auth_user"."first_name", "auth_user"."last_name", "auth_user"."email", "auth_user"."is_staff", "auth_user"."is_active", "auth_user"."date_joined" FROM "auth_user" WHERE "auth_user"."id" = 9; args=(9,)
(0.000) SELECT "auth_user"."id", "auth_user"."password", "auth_user"."last_login", "auth_user"."is_superuser", "auth_user"."username", "auth_user"."first_name", "auth_user"."last_name", "auth_user"."email", "auth_user"."is_staff", "auth_user"."is_active", "auth_user"."date_joined" FROM "auth_user" WHERE "auth_user"."id" = 9; args=(9,)
(0.000) SELECT "auth_user"."id", "auth_user"."password", "auth_user"."last_login", "auth_user"."is_superuser", "auth_user"."username", "auth_user"."first_name", "auth_user"."last_name", "auth_user"."email", "auth_user"."is_staff", "auth_user"."is_active", "auth_user"."date_joined" FROM "auth_user" WHERE "auth_user"."id" = 9; args=(9,)
(0.000) SELECT "auth_user"."id", "auth_user"."password", "auth_user"."last_login", "auth_user"."is_superuser", "auth_user"."username", "auth_user"."first_name", "auth_user"."last_name", "auth_user"."email", "auth_user"."is_staff", "auth_user"."is_active", "auth_user"."date_joined" FROM "auth_user" WHERE "auth_user"."id" = 9; args=(9,)
(0.000) SELECT "auth_user"."id", "auth_user"."password", "auth_user"."last_login", "auth_user"."is_superuser", "auth_user"."username", "auth_user"."first_name", "auth_user"."last_name", "auth_user"."email", "auth_user"."is_staff", "auth_user"."is_active", "auth_user"."date_joined" FROM "auth_user" WHERE "auth_user"."id" = 9; args=(9,)
(0.000) SELECT "auth_user"."id", "auth_user"."password", "auth_user"."last_login", "auth_user"."is_superuser", "auth_user"."username", "auth_user"."first_name", "auth_user"."last_name", "auth_user"."email", "auth_user"."is_staff", "auth_user"."is_active", "auth_user"."date_joined" FROM "auth_user" WHERE "auth_user"."id" = 9; args=(9,)
(0.001) SELECT "auth_user"."id", "auth_user"."password", "auth_user"."last_login", "auth_user"."is_superuser", "auth_user"."username", "auth_user"."first_name", "auth_user"."last_name", "auth_user"."email", "auth_user"."is_staff", "auth_user"."is_active", "auth_user"."date_joined" FROM "auth_user" WHERE "auth_user"."id" = 9; args=(9,)
(0.000) SELECT "auth_user"."id", "auth_user"."password", "auth_user"."last_login", "auth_user"."is_superuser", "auth_user"."username", "auth_user"."first_name", "auth_user"."last_name", "auth_user"."email", "auth_user"."is_staff", "auth_user"."is_active", "auth_user"."date_joined" FROM "auth_user" WHERE "auth_user"."id" = 9; args=(9,)
(0.000) SELECT "auth_user"."id", "auth_user"."password", "auth_user"."last_login", "auth_user"."is_superuser", "auth_user"."username", "auth_user"."first_name", "auth_user"."last_name", "auth_user"."email", "auth_user"."is_staff", "auth_user"."is_active", "auth_user"."date_joined" FROM "auth_user" WHERE "auth_user"."id" = 9; args=(9,)
(0.000) SELECT "auth_user"."id", "auth_user"."password", "auth_user"."last_login", "auth_user"."is_superuser", "auth_user"."username", "auth_user"."first_name", "auth_user"."last_name", "auth_user"."email", "auth_user"."is_staff", "auth_user"."is_active", "auth_user"."date_joined" FROM "auth_user" WHERE "auth_user"."id" = 9; args=(9,)
(0.001) SELECT "auth_user"."id", "auth_user"."password", "auth_user"."last_login", "auth_user"."is_superuser", "auth_user"."username", "auth_user"."first_name", "auth_user"."last_name", "auth_user"."email", "auth_user"."is_staff", "auth_user"."is_active", "auth_user"."date_joined" FROM "auth_user" WHERE "auth_user"."id" = 6; args=(6,)
(0.000) SELECT "auth_user"."id", "auth_user"."password", "auth_user"."last_login", "auth_user"."is_superuser", "auth_user"."username", "auth_user"."first_name", "auth_user"."last_name", "auth_user"."email", "auth_user"."is_staff", "auth_user"."is_active", "auth_user"."date_joined" FROM "auth_user" WHERE "auth_user"."id" = 6; args=(6,)
(0.001) SELECT "auth_user"."id", "auth_user"."password", "auth_user"."last_login", "auth_user"."is_superuser", "auth_user"."username", "auth_user"."first_name", "auth_user"."last_name", "auth_user"."email", "auth_user"."is_staff", "auth_user"."is_active", "auth_user"."date_joined" FROM "auth_user" WHERE "auth_user"."id" = 6; args=(6,)
(0.000) SELECT "auth_user"."id", "auth_user"."password", "auth_user"."last_login", "auth_user"."is_superuser", "auth_user"."username", "auth_user"."first_name", "auth_user"."last_name", "auth_user"."email", "auth_user"."is_staff", "auth_user"."is_active", "auth_user"."date_joined" FROM "auth_user" WHERE "auth_user"."id" = 6; args=(6,)
(0.000) SELECT "auth_user"."id", "auth_user"."password", "auth_user"."last_login", "auth_user"."is_superuser", "auth_user"."username", "auth_user"."first_name", "auth_user"."last_name", "auth_user"."email", "auth_user"."is_staff", "auth_user"."is_active", "auth_user"."date_joined" FROM "auth_user" WHERE "auth_user"."id" = 6; args=(6,)
(0.001) SELECT "auth_user"."id", "auth_user"."password", "auth_user"."last_login", "auth_user"."is_superuser", "auth_user"."username", "auth_user"."first_name", "auth_user"."last_name", "auth_user"."email", "auth_user"."is_staff", "auth_user"."is_active", "auth_user"."date_joined" FROM "auth_user" WHERE "auth_user"."id" = 6; args=(6,)
(0.000) SELECT "auth_user"."id", "auth_user"."password", "auth_user"."last_login", "auth_user"."is_superuser", "auth_user"."username", "auth_user"."first_name", "auth_user"."last_name", "auth_user"."email", "auth_user"."is_staff", "auth_user"."is_active", "auth_user"."date_joined" FROM "auth_user" WHERE "auth_user"."id" = 9; args=(9,)
(0.000) SELECT "auth_user"."id", "auth_user"."password", "auth_user"."last_login", "auth_user"."is_superuser", "auth_user"."username", "auth_user"."first_name", "auth_user"."last_name", "auth_user"."email", "auth_user"."is_staff", "auth_user"."is_active", "auth_user"."date_joined" FROM "auth_user" WHERE "auth_user"."id" = 6; args=(6,)
(0.000) SELECT "auth_user"."id", "auth_user"."password", "auth_user"."last_login", "auth_user"."is_superuser", "auth_user"."username", "auth_user"."first_name", "auth_user"."last_name", "auth_user"."email", "auth_user"."is_staff", "auth_user"."is_active", "auth_user"."date_joined" FROM "auth_user" WHERE "auth_user"."id" = 6; args=(6,)
(0.000) SELECT "auth_user"."id", "auth_user"."password", "auth_user"."last_login", "auth_user"."is_superuser", "auth_user"."username", "auth_user"."first_name", "auth_user"."last_name", "auth_user"."email", "auth_user"."is_staff", "auth_user"."is_active", "auth_user"."date_joined" FROM "auth_user" WHERE "auth_user"."id" = 6; args=(6,)
(0.000) SELECT "auth_user"."id", "auth_user"."password", "auth_user"."last_login", "auth_user"."is_superuser", "auth_user"."username", "auth_user"."first_name", "auth_user"."last_name", "auth_user"."email", "auth_user"."is_staff", "auth_user"."is_active", "auth_user"."date_joined" FROM "auth_user" WHERE "auth_user"."id" = 6; args=(6,)
"GET /article/article-detail/20/ HTTP/1.1" 200 99375
"GET /static/prism/prism.css HTTP/1.1" 200 4319
"GET /static/sticky_sidebar/jquery.sticky-sidebar.min.js HTTP/1.1" 200 12485
"GET /static/ckeditor/ckeditor/plugins/prism/lib/prism/prism_patched.min.js HTTP/1.1" 200 99483
(0.001) SELECT "django_session"."session_key", "django_session"."session_data", "django_session"."expire_date" FROM "django_session" WHERE ("django_session"."expire_date" > '2020-08-30 15:10:43.603639' AND "django_session"."session_key" = 'wwnkntufh13b8sg0trxfyq94buet0efa'); args=('2020-08-30 15:10:43.603639', 'wwnkntufh13b8sg0trxfyq94buet0efa')
"GET /userprofile/login/ HTTP/1.1" 200 5960
(0.001) SELECT "article_articlepost"."id", "article_articlepost"."author_id", "article_articlepost"."avatar", "article_articlepost"."column_id", "article_articlepost"."title", "article_articlepost"."body", "article_articlepost"."total_views", "article_articlepost"."created", "article_articlepost"."updated" FROM "article_articlepost" WHERE "article_articlepost"."id" = 9999; args=(9999,)
(0.000) SELECT "article_articlepost"."id", "article_articlepost"."author_id", "article_articlepost"."avatar", "article_articlepost"."column_id", "article_articlepost"."title", "article_articlepost"."body", "article_articlepost"."total_views", "article_articlepost"."created", "article_articlepost"."updated" FROM "article_articlepost" ORDER BY "article_articlepost"."created" DESC  LIMIT 21; args=()
(0.001) SELECT "django_session"."session_key", "django_session"."session_data", "django_session"."expire_date" FROM "django_session" WHERE ("django_session"."expire_date" > '2020-08-30 15:11:26.746541' AND "django_session"."session_key" = 'wwnkntufh13b8sg0trxfyq94buet0efa'); args=('2020-08-30 15:11:26.746541', 'wwnkntufh13b8sg0trxfyq94buet0efa')
Internal Server Error: /article/article-detail/9999/
Traceback (most recent call last):
  File "D:\DjangoProject\env\lib\site-packages\django\core\handlers\exception.py", line 34, in inner
    response = get_response(request)
  File "D:\DjangoProject\env\lib\site-packages\django\core\handlers\base.py", line 115, in _get_response
    response = self.process_exception_by_middleware(e, request)
  File "D:\DjangoProject\env\lib\site-packages\django\core\handlers\base.py", line 113, in _get_response
    response = wrapped_callback(request, *callback_args, **callback_kwargs)
  File "D:\DjangoProject\myBlog\article\views.py", line 66, in article_detail
    article = ArticlePost.objects.get(id=id)
  File "D:\DjangoProject\env\lib\site-packages\django\db\models\manager.py", line 82, in manager_method
    return getattr(self.get_queryset(), name)(*args, **kwargs)
  File "D:\DjangoProject\env\lib\site-packages\django\db\models\query.py", line 406, in get
    raise self.model.DoesNotExist(
article.models.ArticlePost.DoesNotExist: ArticlePost matching query does not exist.
"GET /article/article-detail/9999/ HTTP/1.1" 500 84725
File D:\DjangoProject\myBlog\article\views.py. is_changed: False, is_new: True
File D:\DjangoProject\myBlog\article\views.py previous mtime: None, current mtime: 1598800355.82281
D:\DjangoProject\myBlog\article\views.py notified as changed. Signal results: [(<function translation_file_changed at 0x037A3B68>, None)].
D:\DjangoProject\myBlog\article\views.py changed, reloading.
Watching for file changes with StatReloader
Watching for file changes with StatReloader
"GET /userprofile/login/ HTTP/1.1" 200 5960
"GET /userprofile/login/ HTTP/1.1" 200 7686
"POST /userprofile/login/ HTTP/1.1" 302 0
"GET /article/article-list/ HTTP/1.1" 200 15703
"GET /media/article/20200829/xjpic_k67jDCl.jpg HTTP/1.1" 304 0
"GET /media/article/20200829/IMG_0055.JPG HTTP/1.1" 304 0
"GET /media/article/20200829/xjpic_4xqQsTw.jpg HTTP/1.1" 304 0
"GET /article/article-detail/19/ HTTP/1.1" 200 27524
"GET /static/ckeditor/ckeditor/ckeditor.js HTTP/1.1" 304 0
"GET /static/prism/prism.css HTTP/1.1" 304 0
"GET /static/ckeditor/ckeditor-init.js HTTP/1.1" 304 0
"GET /static/sticky_sidebar/jquery.sticky-sidebar.min.js HTTP/1.1" 304 0
"GET /static/ckeditor/ckeditor/config.js?t=JB9C HTTP/1.1" 304 0
"GET /static/ckeditor/ckeditor/lang/en.js?t=JB9C HTTP/1.1" 304 0
"GET /static/ckeditor/ckeditor/styles.js?t=JB9C HTTP/1.1" 304 0
"GET /static/ckeditor/ckeditor/plugins/codesnippet/plugin.js?t=JB9C HTTP/1.1" 304 0
"GET /static/ckeditor/ckeditor/plugins/scayt/dialogs/dialog.css?t=JB9C HTTP/1.1" 304 0
"GET /static/ckeditor/ckeditor/plugins/scayt/skins/moono-lisa/scayt.css?t=JB9C HTTP/1.1" 304 0
"GET /static/ckeditor/ckeditor/plugins/tableselection/styles/tableselection.css HTTP/1.1" 304 0
"GET /static/ckeditor/ckeditor/plugins/wsc/skins/moono-lisa/wsc.css?t=JB9C HTTP/1.1" 304 0
"GET /static/ckeditor/ckeditor/skins/moono-lisa/editor.css?t=JB9C HTTP/1.1" 304 0
"GET /static/ckeditor/ckeditor/plugins/codesnippet/lang/en.js?t=JB9C HTTP/1.1" 304 0
"GET /static/ckeditor/ckeditor/plugins/dialog/styles/dialog.css HTTP/1.1" 304 0
"GET /static/ckeditor/ckeditor/plugins/copyformatting/styles/copyformatting.css HTTP/1.1" 304 0
"GET /static/ckeditor/ckeditor/skins/moono-lisa/icons.png?t=411985373e HTTP/1.1" 304 0
"GET /static/ckeditor/ckeditor/plugins/codesnippet/icons/codesnippet.png?t=JB9C HTTP/1.1" 304 0
"GET /static/ckeditor/ckeditor/contents.css?t=JB9C HTTP/1.1" 304 0
"GET /article/article-list/?page=2&order=None&search=&tag=None HTTP/1.1" 200 14751
"GET /article/article-detail/17/ HTTP/1.1" 200 19208
"GET /article/article-detail/16/ HTTP/1.1" 200 35335
"GET /article/article-detail/17/ HTTP/1.1" 200 19208
"GET /article/article-list/?page=3&order=None&search=&tag=None HTTP/1.1" 200 13971
"GET /article/article-detail/12/ HTTP/1.1" 200 24709
"GET /article/article-list/?page=4&order=None&search=&tag=None HTTP/1.1" 200 13597
"GET /article/article-detail/9/ HTTP/1.1" 200 19278
"GET /article/article-detail/10/ HTTP/1.1" 200 19283
"GET /article/article-detail/16/ HTTP/1.1" 200 35335
"GET /article/article-create/ HTTP/1.1" 200 9036
D:\DjangoProject\myBlog\article\templatetags\my_filters_and_tags.py changed, reloading.
Watching for file changes with StatReloader
D:\DjangoProject\myBlog\article\templatetags\my_filters_and_tags.py changed, reloading.
Watching for file changes with StatReloader
Watching for file changes with StatReloader
"GET /article/article-list/ HTTP/1.1" 200 15703
"GET /article/article-detail/18/ HTTP/1.1" 200 21876
"GET /comment/post-comment/18/5 HTTP/1.1" 200 3544
"GET /static/popper/popper-1.14.4.js HTTP/1.1" 304 0
"GET /static/csrf.js HTTP/1.1" 304 0
"POST /comment/post-comment/18/5 HTTP/1.1" 200 40
"GET /article/article-detail/18 HTTP/1.1" 301 0
"GET /article/article-detail/18/ HTTP/1.1" 200 24788
"GET /article/article-list/ HTTP/1.1" 200 15703
"GET /article/article-detail/20/ HTTP/1.1" 200 106003
"GET /static/ckeditor/ckeditor/plugins/smiley/images/broken_heart.png HTTP/1.1" 304 0
"GET /article/article-list/ HTTP/1.1" 200 15703
"GET /article/article-list/?page=4&order=None&search=&tag=None HTTP/1.1" 200 13597
"GET /article/article-list/?page=3&order=None&search=&tag=None HTTP/1.1" 200 13971
"GET /article/article-detail/13/ HTTP/1.1" 200 13690
"GET /article/article-list/?page=2&order=None&search=&tag=None HTTP/1.1" 200 14751
"GET /article/article-detail/16/ HTTP/1.1" 200 35335
"GET /userprofile/logout/ HTTP/1.1" 302 0
"GET /article/article-list/ HTTP/1.1" 200 13977
"GET /userprofile/login/ HTTP/1.1" 200 5960
"POST /userprofile/login/ HTTP/1.1" 302 0
"GET /article/article-list/ HTTP/1.1" 200 16214
"GET /article/article-list/?page=2&order=None&search=&tag=None HTTP/1.1" 200 15262
"GET /article/article-detail/16/ HTTP/1.1" 200 36125
"GET /article/article-update/16/ HTTP/1.1" 200 10565
"POST /article/article-update/16/ HTTP/1.1" 302 0
"GET /article/article-detail/16/ HTTP/1.1" 200 35080
D:\DjangoProject\myBlog\article\views.py changed, reloading.
Watching for file changes with StatReloader
D:\DjangoProject\myBlog\article\views.py changed, reloading.
Watching for file changes with StatReloader
D:\DjangoProject\myBlog\article\views.py changed, reloading.
Watching for file changes with StatReloader
Watching for file changes with StatReloader
"GET /article/article-detail/9/ HTTP/1.1" 200 20067
"GET /static/prism/prism.css HTTP/1.1" 304 0
"GET /static/jquery/jquery-3.5.1.js HTTP/1.1" 304 0
"GET /static/ckeditor/ckeditor-init.js HTTP/1.1" 304 0
"GET /static/ckeditor/ckeditor/ckeditor.js HTTP/1.1" 304 0
"GET /static/sticky_sidebar/jquery.sticky-sidebar.min.js HTTP/1.1" 304 0
"GET /static/ckeditor/ckeditor/config.js?t=JB9C HTTP/1.1" 304 0
"GET /static/ckeditor/ckeditor/lang/en.js?t=JB9C HTTP/1.1" 304 0
"GET /static/ckeditor/ckeditor/styles.js?t=JB9C HTTP/1.1" 304 0
"GET /static/ckeditor/ckeditor/skins/moono-lisa/editor.css?t=JB9C HTTP/1.1" 304 0
"GET /static/ckeditor/ckeditor/plugins/codesnippet/plugin.js?t=JB9C HTTP/1.1" 304 0
"GET /static/ckeditor/ckeditor/plugins/wsc/skins/moono-lisa/wsc.css?t=JB9C HTTP/1.1" 304 0
"GET /static/ckeditor/ckeditor/plugins/scayt/dialogs/dialog.css?t=JB9C HTTP/1.1" 304 0
"GET /static/ckeditor/ckeditor/plugins/tableselection/styles/tableselection.css HTTP/1.1" 304 0
"GET /static/ckeditor/ckeditor/plugins/scayt/skins/moono-lisa/scayt.css?t=JB9C HTTP/1.1" 304 0
Not Found: /favicon.ico
"GET /favicon.ico HTTP/1.1" 404 2990
"GET /static/ckeditor/ckeditor/plugins/codesnippet/lang/en.js?t=JB9C HTTP/1.1" 304 0
"GET /static/ckeditor/ckeditor/plugins/dialog/styles/dialog.css HTTP/1.1" 304 0
"GET /static/ckeditor/ckeditor/plugins/copyformatting/styles/copyformatting.css HTTP/1.1" 304 0
"GET /static/ckeditor/ckeditor/skins/moono-lisa/icons.png?t=411985373e HTTP/1.1" 304 0
"GET /static/ckeditor/ckeditor/plugins/codesnippet/icons/codesnippet.png?t=JB9C HTTP/1.1" 304 0
"GET /static/ckeditor/ckeditor/contents.css?t=JB9C HTTP/1.1" 304 0
"GET /notice/list/ HTTP/1.1" 200 9529
"GET /notice/update/?article_id=18&notice_id=40 HTTP/1.1" 302 0
"GET /article/article-detail/18/ HTTP/1.1" 200 25578
"GET /comment/post-comment/18/5 HTTP/1.1" 200 3544
"GET /static/csrf.js HTTP/1.1" 304 0
"GET /static/popper/popper-1.14.4.js HTTP/1.1" 304 0
"POST /comment/post-comment/18/5 HTTP/1.1" 200 40
"GET /article/article-detail/18/ HTTP/1.1" 200 28486
"GET /article/article-list/ HTTP/1.1" 200 16214
"GET /media/article/20200829/IMG_0055.JPG HTTP/1.1" 304 0
"GET /media/article/20200829/xjpic_k67jDCl.jpg HTTP/1.1" 304 0
"GET /media/article/20200829/xjpic_4xqQsTw.jpg HTTP/1.1" 304 0
"GET /article/article-list/?page=2&order=None&search=&tag=None HTTP/1.1" 200 15487
"GET /article/article-detail/16/ HTTP/1.1" 200 35080
D:\DjangoProject\myBlog\article\views.py changed, reloading.
Watching for file changes with StatReloader
Internal Server Error: /article/article-detail/16/
Traceback (most recent call last):
  File "D:\DjangoProject\env\lib\site-packages\django\core\handlers\exception.py", line 34, in inner
    response = get_response(request)
  File "D:\DjangoProject\env\lib\site-packages\django\core\handlers\base.py", line 115, in _get_response
    response = self.process_exception_by_middleware(e, request)
  File "D:\DjangoProject\env\lib\site-packages\django\core\handlers\base.py", line 113, in _get_response
    response = wrapped_callback(request, *callback_args, **callback_kwargs)
  File "D:\DjangoProject\myBlog\article\views.py", line 84, in article_detail
    context = {'article': article, 'toc': article.body.toc, 'comments': comments, 'comment_form': comment_form,}
AttributeError: 'str' object has no attribute 'toc'
"GET /article/article-detail/16/ HTTP/1.1" 500 85162
D:\DjangoProject\myBlog\article\views.py changed, reloading.
Watching for file changes with StatReloader
"GET /article/article-detail/16/ HTTP/1.1" 200 35433
D:\DjangoProject\myBlog\article\views.py changed, reloading.
Watching for file changes with StatReloader
"GET /notice/update/ HTTP/1.1" 302 0
"GET /notice/list/ HTTP/1.1" 200 6871
"GET /article/article-list/ HTTP/1.1" 200 15704
"GET /article/article-list/?page=2&order=None&search=&tag=None HTTP/1.1" 200 14977
"GET /article/article-list/?page=3&order=None&search=&tag=None HTTP/1.1" 200 13972
"GET /article/article-detail/12/ HTTP/1.1" 200 24990
"GET /article/article-list/?order=total_views&search=&tag=None HTTP/1.1" 200 15637
"GET /article/article-detail/20/ HTTP/1.1" 200 106283
"GET /static/ckeditor/ckeditor/plugins/smiley/images/broken_heart.png HTTP/1.1" 304 0
"GET /article/article-detail/16/ HTTP/1.1" 200 34570
"GET /article/article-update/16/ HTTP/1.1" 200 10049
"POST /article/article-update/16/ HTTP/1.1" 302 0
"GET /article/article-detail/16/ HTTP/1.1" 200 35615
"GET /article/article-create/ HTTP/1.1" 200 9037
"POST /article/article-create/ HTTP/1.1" 302 0
"GET /article/article-list/ HTTP/1.1" 200 15880
"GET /media/article/20200831/IMG_0073.JPG HTTP/1.1" 200 11870
"GET /article/article-detail/21/ HTTP/1.1" 200 16300
"GET /article/article-detail/19/ HTTP/1.1" 200 27804
"GET /article/article-update/19/ HTTP/1.1" 200 9271
"POST /article/article-update/19/ HTTP/1.1" 302 0
"GET /article/article-detail/19/ HTTP/1.1" 200 27804
"GET /article/article-list/ HTTP/1.1" 200 15876
"GET /media/article/20200831/IMG_0073.JPG HTTP/1.1" 304 0
"GET /media/article/20200831/xjpic.jpg HTTP/1.1" 200 8039
"GET /article/article-detail/20/ HTTP/1.1" 200 106283
"GET /article/article-update/20/ HTTP/1.1" 200 9277
"POST /article/article-update/20/ HTTP/1.1" 302 0
"GET /article/article-detail/20/ HTTP/1.1" 200 106283
"GET /article/article-list/ HTTP/1.1" 200 15876
"GET /media/article/20200831/IMG_0055.JPG HTTP/1.1" 200 15606
"GET /media/article/20200831/IMG_0073.JPG HTTP/1.1" 304 0
"GET /media/article/20200831/xjpic.jpg HTTP/1.1" 304 0
"GET /article/article-detail/21/ HTTP/1.1" 200 16300
"GET /article/article-update/21/ HTTP/1.1" 200 10061
"POST /article/article-update/21/ HTTP/1.1" 302 0
"GET /article/article-detail/21/ HTTP/1.1" 200 16300
"GET /article/article-list/ HTTP/1.1" 200 15876
"GET /media/article/20200831/IMG_1578.JPG HTTP/1.1" 200 8624
"GET /media/article/20200831/IMG_0055.JPG HTTP/1.1" 304 0
"GET /media/article/20200831/xjpic.jpg HTTP/1.1" 304 0
D:\DjangoProject\myBlog\article\models.py changed, reloading.
Watching for file changes with StatReloader
"GET /article/article-detail/19/ HTTP/1.1" 200 27804
"GET /article/article-update/19/ HTTP/1.1" 200 9271
"POST /article/article-update/19/ HTTP/1.1" 302 0
"GET /article/article-detail/19/ HTTP/1.1" 200 27804
"GET /article/article-list/ HTTP/1.1" 200 15884
"GET /media/article/20200831/IMG_1578.JPG HTTP/1.1" 304 0
"GET /media/article/20200831/IMG_0055.JPG HTTP/1.1" 304 0
"GET /media/article/20200831/xjpic_PiWcMyt.jpg HTTP/1.1" 200 6531
"GET /article/article-detail/20/ HTTP/1.1" 200 106283
"GET /article/article-update/20/ HTTP/1.1" 200 9277
"POST /article/article-update/20/ HTTP/1.1" 302 0
"GET /article/article-detail/20/ HTTP/1.1" 200 106283
"GET /article/article-list/ HTTP/1.1" 200 15892
"GET /media/article/20200831/IMG_1578.JPG HTTP/1.1" 304 0
"GET /media/article/20200831/xjpic_PiWcMyt.jpg HTTP/1.1" 304 0
"GET /media/article/20200831/IMG_0055_3gErBDg.JPG HTTP/1.1" 200 10530
"GET /article/article-list/ HTTP/1.1" 200 15892
"GET /media/article/20200831/IMG_0055_3gErBDg.JPG HTTP/1.1" 304 0
"GET /media/article/20200831/xjpic_PiWcMyt.jpg HTTP/1.1" 304 0
"GET /notice/list/ HTTP/1.1" 200 6871
"GET /article/article-list/ HTTP/1.1" 200 15892
"GET /media/article/20200831/IMG_0055_3gErBDg.JPG HTTP/1.1" 304 0
"GET /media/article/20200831/IMG_1578.JPG HTTP/1.1" 304 0
"GET /media/article/20200831/xjpic_PiWcMyt.jpg HTTP/1.1" 304 0
"GET /article/article-list/?page=2&order=None&search=&tag=None HTTP/1.1" 200 15520
"GET /article/article-detail/16/ HTTP/1.1" 200 35615
"GET /article/article-list/ HTTP/1.1" 200 15892
"GET /media/article/20200831/IMG_0055_3gErBDg.JPG HTTP/1.1" 304 0
"GET /media/article/20200831/xjpic_PiWcMyt.jpg HTTP/1.1" 304 0
"GET /article/article-list/?page=2&order=None&search=&tag=None HTTP/1.1" 200 15520
"GET /article/article-list/?tag= HTTP/1.1" 200 15876
"GET /media/article/20200831/IMG_0055_3gErBDg.JPG HTTP/1.1" 304 0
"GET /media/article/20200831/IMG_1578.JPG HTTP/1.1" 304 0
"GET /media/article/20200831/xjpic_PiWcMyt.jpg HTTP/1.1" 304 0
"GET /article/article-list/?page=2&order=None&search=&tag= HTTP/1.1" 200 15496
"GET /article/article-list/?page=3&order=None&search=&tag= HTTP/1.1" 200 14226
"GET /article/article-list/?page=2&order=None&search=&tag= HTTP/1.1" 200 15496
"GET /article/article-detail/16/ HTTP/1.1" 200 35615
"GET /article/article-update/16/ HTTP/1.1" 200 10055
"POST /article/article-update/16/ HTTP/1.1" 302 0
"GET /article/article-detail/16/ HTTP/1.1" 200 35615
"GET /article/article-list/ HTTP/1.1" 200 15892
"GET /media/article/20200831/IMG_1578.JPG HTTP/1.1" 304 0
"GET /media/article/20200831/IMG_0055_3gErBDg.JPG HTTP/1.1" 304 0
"GET /media/article/20200831/xjpic_PiWcMyt.jpg HTTP/1.1" 304 0
"GET /article/article-list/?page=2&order=None&search=&tag=None HTTP/1.1" 200 15520
"GET /article/article-list/?page=1&order=None&search=&tag=None HTTP/1.1" 200 15892
"GET /media/article/20200831/IMG_0055_3gErBDg.JPG HTTP/1.1" 304 0
"GET /article/article-list/?page=2&order=None&search=&tag=None HTTP/1.1" 200 15520
D:\DjangoProject\myBlog\article\models.py changed, reloading.
Watching for file changes with StatReloader
Watching for file changes with StatReloader
"GET /article/article-detail/16/ HTTP/1.1" 200 35624
"GET /article/article-detail/16/ HTTP/1.1" 200 35615
"GET /article/article-update/16/ HTTP/1.1" 200 10055
"POST /article/article-update/16/ HTTP/1.1" 302 0
"GET /article/article-detail/16/ HTTP/1.1" 200 34177
"GET /article/article-update/16/ HTTP/1.1" 200 10039
"POST /article/article-update/16/ HTTP/1.1" 302 0
"GET /article/article-detail/16/ HTTP/1.1" 200 35615
"GET /article/article-detail/16/ HTTP/1.1" 200 35708
"GET /static/md_css/monokai.css HTTP/1.1" 304 0
"GET /article/article-list/ HTTP/1.1" 200 15986
"GET /media/article/20200831/IMG_1578.JPG HTTP/1.1" 304 0
"GET /media/article/20200831/IMG_0055_3gErBDg.JPG HTTP/1.1" 304 0
"GET /media/article/20200831/xjpic_PiWcMyt.jpg HTTP/1.1" 304 0
"GET /article/article-list/?order=total_views&search=&tag=None HTTP/1.1" 200 15738
"GET /article/article-list/?search=&tag=None HTTP/1.1" 200 15986
"GET /article/article-list/?page=2&order=None&search=&tag=None HTTP/1.1" 200 15613
"GET /article/article-list/?order=total_views&search=&tag=None HTTP/1.1" 200 15738
"GET /media/article/20200831/IMG_0055_3gErBDg.JPG HTTP/1.1" 304 0
"GET / HTTP/1.1" 200 15985
"GET /media/article/20200831/IMG_1578.JPG HTTP/1.1" 304 0
"GET /media/article/20200831/xjpic_PiWcMyt.jpg HTTP/1.1" 304 0
"GET /article/article-detail/21/ HTTP/1.1" 200 16393
"GET /?page=2&order=None&search=&tag=None HTTP/1.1" 200 15613
"GET /article/article-detail/18/ HTTP/1.1" 200 28069
"GET /article/article-update/18/ HTTP/1.1" 200 9385
"POST /article/article-update/18/ HTTP/1.1" 302 0
"GET /article/article-detail/18/ HTTP/1.1" 200 28069
"GET /article/article-list/ HTTP/1.1" 200 15985
"GET /article/article-list/?page=2&order=None&search=&tag=None HTTP/1.1" 200 15608
"GET /media/article/20200831/IMG_0068.JPG HTTP/1.1" 200 7842
"GET /article/article-list/?page=2&order=None&search=&tag=None HTTP/1.1" 200 15608
"GET /media/article/20200831/IMG_0068.JPG HTTP/1.1" 304 0
"GET /article/article-list/?page=3&order=None&search=&tag=None HTTP/1.1" 200 14343
"GET /article/article-detail/13/ HTTP/1.1" 200 14063
"GET /article/article-list/?page=2&order=None&search=&tag=None HTTP/1.1" 200 15608
"GET /media/article/20200831/IMG_0068.JPG HTTP/1.1" 304 0
"GET /article/article-detail/16/ HTTP/1.1" 200 35708
Watching for file changes with StatReloader
"GET /article/article-list HTTP/1.1" 301 0
"GET /article/article-list/ HTTP/1.1" 200 14264
"GET /media/article/20200831/IMG_1578.JPG HTTP/1.1" 200 8624
"GET /media/article/20200831/IMG_0055_3gErBDg.JPG HTTP/1.1" 200 10530
"GET /static/bootstrap/css/bootstrap.min.css HTTP/1.1" 200 140936
"GET /static/md_css/monokai.css HTTP/1.1" 200 4251
"GET /static/layer/layer.js HTTP/1.1" 200 22116
"GET /media/article/20200831/xjpic_PiWcMyt.jpg HTTP/1.1" 200 6531
"GET /static/bootstrap/js/bootstrap.min.js HTTP/1.1" 200 51039
"GET /static/jquery/jquery-3.5.1.js HTTP/1.1" 200 287630
"GET /static/layer/theme/default/layer.css?v=3.1.1 HTTP/1.1" 200 14367
Not Found: /favicon.ico
"GET /favicon.ico HTTP/1.1" 404 2990
"GET /article/article-detail/20/ HTTP/1.1" 200 99468
"GET /static/prism/prism.css HTTP/1.1" 200 4319
"GET /static/sticky_sidebar/jquery.sticky-sidebar.min.js HTTP/1.1" 200 12485
"GET /static/ckeditor/ckeditor/plugins/prism/lib/prism/prism_patched.min.js HTTP/1.1" 200 99483
"GET /static/ckeditor/ckeditor/plugins/smiley/images/broken_heart.png HTTP/1.1" 200 1139
"GET /article/article-detail/20/ HTTP/1.1" 200 99468
"GET /userprofile/login/ HTTP/1.1" 200 6053
"GET /userprofile/login/ HTTP/1.1" 200 6053
"GET /static/bootstrap/css/bootstrap.min.css HTTP/1.1" 200 140936
"GET /static/md_css/monokai.css HTTP/1.1" 200 4251
"GET /static/jquery/jquery-3.5.1.js HTTP/1.1" 200 287630
"GET /static/layer/layer.js HTTP/1.1" 200 22116
"GET /static/bootstrap/js/bootstrap.min.js HTTP/1.1" 200 51039
"GET /static/layer/theme/default/layer.css?v=3.1.1 HTTP/1.1" 200 14367
Not Found: /favicon.ico
"GET /favicon.ico HTTP/1.1" 404 2990
"POST /userprofile/login/ HTTP/1.1" 302 0
"GET /article/article-list/ HTTP/1.1" 200 15991
"GET /media/article/20200831/IMG_1578.JPG HTTP/1.1" 200 8624
"GET /media/article/20200831/IMG_0055_3gErBDg.JPG HTTP/1.1" 200 10530
"GET /media/article/20200831/xjpic_PiWcMyt.jpg HTTP/1.1" 200 6531
"GET /article/article-detail/20/ HTTP/1.1" 200 106376
"GET /static/prism/prism.css HTTP/1.1" 200 4319
"GET /static/ckeditor/ckeditor/plugins/prism/lib/prism/prism_patched.min.js HTTP/1.1" 200 99483
"GET /static/sticky_sidebar/jquery.sticky-sidebar.min.js HTTP/1.1" 200 12485
"GET /static/ckeditor/ckeditor-init.js HTTP/1.1" 200 2216
"GET /static/ckeditor/ckeditor/ckeditor.js HTTP/1.1" 200 718145
"GET /static/ckeditor/ckeditor/config.js?t=JB9C HTTP/1.1" 200 338
"GET /static/ckeditor/ckeditor/skins/moono-lisa/editor.css?t=JB9C HTTP/1.1" 200 47977
"GET /static/ckeditor/ckeditor/lang/en.js?t=JB9C HTTP/1.1" 200 18888
"GET /article/article-update/20/ HTTP/1.1" 200 9370
"POST /article/article-update/20/ HTTP/1.1" 302 0
"GET /article/article-detail/20/ HTTP/1.1" 200 106376
"GET /static/ckeditor/ckeditor/styles.js?t=JB9C HTTP/1.1" 200 5579
"GET /static/ckeditor/ckeditor/plugins/prism/plugin.js?t=JB9C HTTP/1.1" 200 4203
"GET /static/ckeditor/ckeditor/plugins/codesnippet/plugin.js?t=JB9C HTTP/1.1" 200 3824
"GET /static/ckeditor/ckeditor/plugins/scayt/skins/moono-lisa/scayt.css?t=JB9C HTTP/1.1" 200 381
"GET /static/ckeditor/ckeditor/plugins/tableselection/styles/tableselection.css HTTP/1.1" 200 1145
"GET /static/ckeditor/ckeditor/plugins/wsc/skins/moono-lisa/wsc.css?t=JB9C HTTP/1.1" 200 1306
"GET /static/ckeditor/ckeditor/plugins/scayt/dialogs/dialog.css?t=JB9C HTTP/1.1" 200 419
"GET /static/ckeditor/ckeditor/plugins/codesnippet/lang/en.js?t=JB9C HTTP/1.1" 200 369
"GET /static/ckeditor/ckeditor/plugins/dialog/styles/dialog.css HTTP/1.1" 200 249
"GET /static/ckeditor/ckeditor/plugins/copyformatting/styles/copyformatting.css HTTP/1.1" 200 1513
"GET /static/ckeditor/ckeditor/plugins/codesnippet/icons/codesnippet.png?t=JB9C HTTP/1.1" 200 597
"GET /static/ckeditor/ckeditor/skins/moono-lisa/icons.png?t=411985373e HTTP/1.1" 200 12421
"GET /static/ckeditor/ckeditor/contents.css?t=JB9C HTTP/1.1" 200 3094
"GET /static/ckeditor/ckeditor/plugins/prism/lib/prism/prism_patched.min.css HTTP/1.1" 200 2062
"GET /article/article-list/ HTTP/1.1" 200 15980
"GET /media/article/20201018/xjpic.jpg HTTP/1.1" 200 6531
"GET /article/article-detail/21/ HTTP/1.1" 200 16393
"GET /article/article-detail/20/ HTTP/1.1" 200 106376
"GET /article/article-list/?page=2&order=None&search=&tag=None HTTP/1.1" 200 15616
"GET /media/article/20200831/IMG_0068.JPG HTTP/1.1" 200 7842
"GET /article/article-list/?page=1&order=None&search=&tag=None HTTP/1.1" 200 15980
"GET /media/article/20201018/xjpic.jpg HTTP/1.1" 304 0
"GET /article/article-list/?page=2&order=None&search=&tag=None HTTP/1.1" 200 15616
"GET /article/article-detail/18/ HTTP/1.1" 200 28069
"GET /article/article-update/18/ HTTP/1.1" 200 9385
"POST /article/article-update/18/ HTTP/1.1" 302 0
"GET /article/article-detail/18/ HTTP/1.1" 200 28069
"GET /article/article-list/ HTTP/1.1" 200 15980
"GET /media/article/20201018/xjpic.jpg HTTP/1.1" 304 0
"GET /article/article-list/?page=2&order=None&search=&tag=None HTTP/1.1" 200 15609
"GET /media/article/20201018/1.png HTTP/1.1" 200 43710
"GET /article/article-list/?page=3&order=None&search=&tag=None HTTP/1.1" 200 14349
Watching for file changes with StatReloader
"GET /article/article-list/?page=3&order=None&search=&tag=None HTTP/1.1" 200 14349
"GET /article/article-list/?order=total_views&search=&tag=None HTTP/1.1" 200 15723
"GET /media/article/20201018/xjpic.jpg HTTP/1.1" 304 0
"GET /media/article/20201018/1.png HTTP/1.1" 304 0
"GET /article/article-list/?search=&tag=None HTTP/1.1" 200 15980
"GET /article/article-list/?search=&tag=None HTTP/1.1" 200 15980
"GET /media/article/20201018/xjpic.jpg HTTP/1.1" 304 0
"GET /article/article-list/?order=total_views&search=&tag=None HTTP/1.1" 200 15723
"GET /media/article/20201018/1.png HTTP/1.1" 304 0
"GET /article/article-detail/16/ HTTP/1.1" 200 35708
"GET /comment/post-comment/16/2 HTTP/1.1" 200 3544
"GET /static/csrf.js HTTP/1.1" 200 1660
"GET /static/popper/popper-1.14.4.js HTTP/1.1" 200 85373
"GET /static/ckeditor/ckeditor/skins/moono-lisa/dialog.css?t=JB9C HTTP/1.1" 200 13708
"GET /static/ckeditor/ckeditor/plugins/codesnippet/dialogs/codesnippet.js?t=JB9C HTTP/1.1" 200 1179
"GET /static/ckeditor/ckeditor/skins/moono-lisa/images/close.png HTTP/1.1" 200 615
"GET /static/ckeditor/ckeditor/plugins/widget/images/handle.png HTTP/1.1" 200 220
"POST /comment/post-comment/16/2 HTTP/1.1" 200 40
"GET /article/article-detail/16 HTTP/1.1" 301 0
"GET /article/article-detail/16/ HTTP/1.1" 200 38678
"GET /article/article-detail/16/ HTTP/1.1" 200 38678
